
> vite_react_shadcn_ts@0.0.0 dev
> vite


  [32m[1mVITE[22m v5.4.19[39m  [2mready in [0m[1m1269[22m[2m[0m ms[22m

  [32m➜[39m  [1mLocal[22m:   [36mhttp://localhost:[1m8080[22m/[39m
  [32m➜[39m  [1mNetwork[22m: [36mhttp://192.168.3.89:[1m8080[22m/[39m
Browserslist: browsers data (caniuse-lite) is 10 months old. Please run:
  npx update-browserslist-db@latest
  Why you should do it regularly: https://github.com/browserslist/update-db#readme
[2m11:43:08[22m [36m[1m[vite][22m[39m [32mhmr update [39m[2m/src/index.css[22m
[2m11:43:19[22m [36m[1m[vite][22m[39m [32mhmr update [39m[2m/src/index.css[22m
[2m11:43:28[22m [36m[1m[vite][22m[39m [32mhmr update [39m[2m/src/pages/Index.tsx, /src/index.css, /src/pages/Tournaments.tsx, /src/pages/AICoach.tsx, /src/lib/auth.tsx, /src/components/hud/UploadZone.tsx[22m
[2m11:47:48[22m [36m[1m[vite][22m[39m [32mhmr update [39m[2m/src/App.tsx, /src/index.css[22m
[2m11:48:01[22m [36m[1m[vite][22m[39m [32mhmr update [39m[2m/src/App.tsx, /src/index.css[22m
[2m11:48:07[22m [36m[1m[vite][22m[39m [32mhmr update [39m[2m/src/components/hud/HudHeader.tsx, /src/index.css[22m
[2m11:48:12[22m [36m[1m[vite][22m[39m [32mhmr update [39m[2m/src/components/hud/HudHeader.tsx, /src/index.css[22m
[2m11:48:20[22m [36m[1m[vite][22m[39m [32mhmr update [39m[2m/src/components/hud/HudHeader.tsx, /src/index.css[22m
[2m11:48:26[22m [36m[1m[vite][22m[39m [32mhmr update [39m[2m/src/pages/Index.tsx, /src/index.css[22m
[2m11:48:32[22m [36m[1m[vite][22m[39m [32mhmr update [39m[2m/src/pages/Index.tsx, /src/index.css[22m
[2m11:48:40[22m [36m[1m[vite][22m[39m [32mhmr update [39m[2m/src/pages/Index.tsx, /src/index.css[22m
[2m11:48:57[22m [36m[1m[vite][22m[39m [32mhmr update [39m[2m/src/pages/Index.tsx, /src/index.css[22m
[2m11:49:03[22m [36m[1m[vite][22m[39m [32mhmr update [39m[2m/src/pages/Tournaments.tsx, /src/index.css[22m
[2m11:49:07[22m [36m[1m[vite][22m[39m [32mhmr update [39m[2m/src/pages/Tournaments.tsx, /src/index.css[22m
[2m11:49:12[22m [36m[1m[vite][22m[39m [32mhmr update [39m[2m/src/pages/Tournaments.tsx, /src/index.css[22m
[2m11:55:12[22m [36m[1m[vite][22m[39m [32mhmr update [39m[2m/src/pages/Index.tsx, /src/index.css, /src/pages/Tournaments.tsx, /src/pages/AICoach.tsx, /src/lib/auth.tsx, /src/components/hud/UploadZone.tsx[22m
[2m11:56:21[22m [36m[1m[vite][22m[39m [32mhmr update [39m[2m/src/pages/Tournaments.tsx, /src/index.css[22m
[2m12:01:58[22m [36m[1m[vite][22m[39m [33mhmr invalidate [39m[2m/src/lib/auth.tsx[22m Could not Fast Refresh ("useAuth" export is incompatible). Learn more at https://github.com/vitejs/vite-plugin-react/tree/main/packages/plugin-react-swc#consistent-components-exports
[2m12:01:58[22m [36m[1m[vite][22m[39m [32mhmr update [39m[2m/src/App.tsx, /src/index.css, /src/pages/Login.tsx, /src/pages/Index.tsx, /src/pages/AICoach.tsx, /src/components/hud/HudHeader.tsx[22m
[2m12:04:19[22m [36m[1m[vite][22m[39m [32mhmr update [39m[2m/src/components/hud/PlayingCard.tsx, /src/index.css[22m
[2m12:04:25[22m [36m[1m[vite][22m[39m [32mhmr update [39m[2m/src/components/hud/PlayingCard.tsx, /src/index.css[22m
[2m12:07:12[22m [36m[1m[vite][22m[39m [32mhmr update [39m[2m/src/pages/TournamentDetail.tsx, /src/index.css[22m
[2m12:13:43[22m [36m[1m[vite][22m[39m [32mhmr update [39m[2m/src/pages/Index.tsx, /src/index.css, /src/pages/Tournaments.tsx, /src/pages/AICoach.tsx, /src/lib/auth.tsx, /src/components/hud/UploadZone.tsx, /src/components/hud/EmptyDashboard.tsx, /src/pages/TournamentDetail.tsx, /src/components/hud/TournamentAiReport.tsx[22m
[2m12:13:52[22m [36m[1m[vite][22m[39m [32mhmr update [39m[2m/src/pages/TournamentDetail.tsx, /src/index.css[22m
[2m12:14:09[22m [36m[1m[vite][22m[39m [32mhmr update [39m[2m/src/pages/TournamentDetail.tsx, /src/index.css[22m
[2m12:14:23[22m [36m[1m[vite][22m[39m [32mhmr update [39m[2m/src/pages/TournamentDetail.tsx, /src/index.css[22m
